<?xml version="1.0" encoding="UTF-8"?>
<!-- Generated by org.testng.reporters.JUnitXMLReporter -->
<testsuite ignored="0" hostname="SaiKiran" failures="1" tests="1" name="Default test" time="0.572" errors="0" timestamp="2024-05-01T04:33:06 IST">
  <testcase classname="io.cucumber.testng.AbstractTestNGCucumberTests" name="runScenario" time="0.153">
    <failure type="java.lang.NullPointerException" message="Cannot invoke &amp;quot;org.openqa.selenium.WebDriver.manage()&amp;quot; because &amp;quot;this.driver&amp;quot; is null">
      <![CDATA[java.lang.NullPointerException: Cannot invoke "org.openqa.selenium.WebDriver.manage()" because "this.driver" is null
at KiranKabothula.TestComponents.BaseTest.initializedriver(BaseTest.java:57)
at KiranKabothula.TestComponents.BaseTest.launchApplication(BaseTest.java:79)
at KiranKabothula.StepDefinitions.StepDefinitionImpl.I_landed_on_Ecommerce_Page(StepDefinitionImpl.java:28)
at ✽.I landed on Ecommerce Page(file:///C:/Users/saiki/eclipse-workspace/SeleniumFrameworkDesign1/src/test/java/Cucumber/SumbitOrder.feature:5)
]]>
    </failure>
  </testcase> <!-- runScenario -->
</testsuite> <!-- Default test -->
