<?xml version="1.0" encoding="UTF-8"?>
<!-- Generated by org.testng.reporters.JUnitXMLReporter -->
<testsuite ignored="0" hostname="SaiKiran" failures="0" tests="3" name="Submit Order" time="14.177" errors="0" timestamp="2024-04-25T03:29:34 IST">
  <testcase classname="KiranKabothula.Tests.SubmitOrderTest" name="SubmitOrder" time="2.938"/>
  <testcase classname="KiranKabothula.Tests.SubmitOrderTest" name="SubmitOrder" time="2.827"/>
  <testcase classname="KiranKabothula.Tests.SubmitOrderTest" name="OrdersHistory" time="0.543"/>
</testsuite> <!-- Submit Order -->
