<?xml version="1.0" encoding="UTF-8"?>
<!-- Generated by org.testng.reporters.JUnitXMLReporter -->
<testsuite ignored="2" hostname="SaiKiran" failures="0" tests="0" time="0.005" errors="0" timestamp="2024-04-26T03:57:51 IST">
  <testcase classname="KiranKabothula.Tests.ErrorValidationsTests" name="ProductErrorValidation" time="0.0">
    <ignored/>
  </testcase> <!-- ProductErrorValidation -->
  <testcase classname="KiranKabothula.Tests.ErrorValidationsTests" name="LoginErrorValidation" time="0.0">
    <ignored/>
  </testcase> <!-- LoginErrorValidation -->
</testsuite>
