<?xml version="1.0" encoding="UTF-8"?>
<testng-results ignored="0" total="1" passed="0" failed="1" skipped="0">
  <reporter-output>
  </reporter-output>
  <suite started-at="2024-05-01T04:33:05 IST" name="Default suite" finished-at="2024-05-01T04:33:06 IST" duration-ms="572">
    <groups>
      <group name="cucumber">
        <method signature="AbstractTestNGCucumberTests.runScenario(io.cucumber.testng.PickleWrapper,io.cucumber.testng.FeatureWrapper)[pri:0, instance:Cucumber.TestBNGTestRunner@71d44a3]" name="runScenario" class="io.cucumber.testng.AbstractTestNGCucumberTests"/>
      </group> <!-- cucumber -->
    </groups>
    <test started-at="2024-05-01T04:33:05 IST" name="Default test" finished-at="2024-05-01T04:33:06 IST" duration-ms="572">
      <class name="Cucumber.TestBNGTestRunner">
        <test-method is-config="true" signature="setUpClass(org.testng.ITestContext)[pri:0, instance:Cucumber.TestBNGTestRunner@71d44a3]" started-at="2024-05-01T04:33:05 IST" name="setUpClass" finished-at="2024-05-01T04:33:05 IST" duration-ms="381" status="PASS">
          <params>
            <param index="0">
              <value>
                <![CDATA[org.testng.TestRunner@6c451c9c]]>
              </value>
            </param>
          </params>
          <reporter-output>
          </reporter-output>
        </test-method> <!-- setUpClass -->
        <test-method signature="runScenario(io.cucumber.testng.PickleWrapper,io.cucumber.testng.FeatureWrapper)[pri:0, instance:Cucumber.TestBNGTestRunner@71d44a3]" started-at="2024-05-01T04:33:05 IST" name="runScenario" description="Runs Cucumber Scenarios" data-provider="scenarios" finished-at="2024-05-01T04:33:06 IST" duration-ms="153" status="FAIL">
          <params>
            <param index="0">
              <value>
                <![CDATA["positive test of submitting the order"]]>
              </value>
            </param>
            <param index="1">
              <value>
                <![CDATA["Purchase the order from Ecommerce Website"]]>
              </value>
            </param>
          </params>
          <exception class="java.lang.NullPointerException">
            <message>
              <![CDATA[Cannot invoke "org.openqa.selenium.WebDriver.manage()" because "this.driver" is null]]>
            </message>
            <full-stacktrace>
              <![CDATA[java.lang.NullPointerException: Cannot invoke "org.openqa.selenium.WebDriver.manage()" because "this.driver" is null
at KiranKabothula.TestComponents.BaseTest.initializedriver(BaseTest.java:57)
at KiranKabothula.TestComponents.BaseTest.launchApplication(BaseTest.java:79)
at KiranKabothula.StepDefinitions.StepDefinitionImpl.I_landed_on_Ecommerce_Page(StepDefinitionImpl.java:28)
at ✽.I landed on Ecommerce Page(file:///C:/Users/saiki/eclipse-workspace/SeleniumFrameworkDesign1/src/test/java/Cucumber/SumbitOrder.feature:5)
]]>
            </full-stacktrace>
          </exception> <!-- java.lang.NullPointerException -->
          <reporter-output>
          </reporter-output>
        </test-method> <!-- runScenario -->
        <test-method is-config="true" signature="tearDownClass()[pri:0, instance:Cucumber.TestBNGTestRunner@71d44a3]" started-at="2024-05-01T04:33:06 IST" name="tearDownClass" finished-at="2024-05-01T04:33:06 IST" duration-ms="16" status="PASS">
          <reporter-output>
          </reporter-output>
        </test-method> <!-- tearDownClass -->
      </class> <!-- Cucumber.TestBNGTestRunner -->
    </test> <!-- Default test -->
  </suite> <!-- Default suite -->
</testng-results>
