<?xml version="1.0" encoding="UTF-8"?>
<!-- Generated by org.testng.reporters.JUnitReportReporter -->
<testsuite hostname="SaiKiran" failures="0" tests="1" name="Cucumber.TestBNGTestRunner" time="0.153" errors="1" timestamp="2024-05-01T04:33:06 IST" skipped="0">
  <testcase classname="Cucumber.TestBNGTestRunner" name="runScenario" time="0.153">
    <error message="Cannot invoke &quot;org.openqa.selenium.WebDriver.manage()&quot; because &quot;this.driver&quot; is null" type="java.lang.NullPointerException">
      <![CDATA[java.lang.NullPointerException: Cannot invoke "org.openqa.selenium.WebDriver.manage()" because "this.driver" is null
at KiranKabothula.TestComponents.BaseTest.initializedriver(BaseTest.java:57)
at KiranKabothula.TestComponents.BaseTest.launchApplication(BaseTest.java:79)
at KiranKabothula.StepDefinitions.StepDefinitionImpl.I_landed_on_Ecommerce_Page(StepDefinitionImpl.java:28)
at ✽.I landed on Ecommerce Page(file:///C:/Users/saiki/eclipse-workspace/SeleniumFrameworkDesign1/src/test/java/Cucumber/SumbitOrder.feature:5)
]]>
    </error>
  </testcase> <!-- runScenario -->
  <system-out/>
</testsuite> <!-- Cucumber.TestBNGTestRunner -->
